1. SAT1: IDLE, SAT2: IDLE
2. SAT1: IDLE, SAT2: Measure
3. SAT1: IDLE, SAT2: Downlink
4. SAT1: IDLE, SAT2: IDLE
5. SAT1: IDLE, SAT2: Measure
6. SAT1: IDLE, SAT2: Downlink
7. SAT1: IDLE, SAT2: IDLE
8. SAT1: IDLE, SAT2: IDLE
9. SAT1: Measure, SAT2: IDLE
10. SAT1: Charge, SAT2: Charge
11. SAT1: Downlink, SAT2: Charge
12. SAT1: IDLE, SAT2: Charge
13. SAT1: Charge, SAT2: Charge
14. SAT1: IDLE, SAT2: IDLE
15. SAT1: IDLE, SAT2: Measure
16. SAT1: IDLE, SAT2: IDLE
17. SAT1: IDLE, SAT2: Charge
18. SAT1: Downlink, SAT2: IDLE
19. SAT1: IDLE, SAT2: Measure
20. SAT1: Charge, SAT2: Downlink
21. SAT1: IDLE, SAT2: IDLE
22. SAT1: IDLE, SAT2: IDLE
23. SAT1: IDLE, SAT2: Measure
24. SAT1: Downlink, SAT2: Charge
Overall time: 0.0107205
Overall cost: 12
# Steps: 542
# Expansions: 4575
