1. SAT1: IDLE, SAT2: IDLE
2. SAT1: IDLE, SAT2: IDLE
3. SAT1: IDLE, SAT2: IDLE
4. SAT1: IDLE, SAT2: Measure
5. SAT1: IDLE, SAT2: Charge
6. SAT1: Measure, SAT2: Measure
7. SAT1: IDLE, SAT2: Charge
8. SAT1: IDLE, SAT2: Downlink
9. SAT1: Charge, SAT2: IDLE
10. SAT1: Downlink, SAT2: Charge
11. SAT1: IDLE, SAT2: IDLE
12. SAT1: IDLE, SAT2: Downlink
13. SAT1: IDLE, SAT2: IDLE
14. SAT1: Charge, SAT2: IDLE
15. SAT1: IDLE, SAT2: Charge
16. SAT1: Measure, SAT2: IDLE
17. SAT1: IDLE, SAT2: Downlink
18. SAT1: IDLE, SAT2: Charge
19. SAT1: Charge, SAT2: IDLE
20. SAT1: Measure, SAT2: Measure
21. SAT1: Charge, SAT2: Charge
22. SAT1: Downlink, SAT2: Downlink
Overall time: 0.0201203
Overall cost: 12
# Steps: 984
# Expansions: 8450
