1. SAT1: IDLE, SAT2: IDLE
2. SAT1: IDLE, SAT2: IDLE
3. SAT1: Measure, SAT2: IDLE
4. SAT1: Charge, SAT2: IDLE
5. SAT1: IDLE, SAT2: Measure
6. SAT1: IDLE, SAT2: IDLE
7. SAT1: Downlink, SAT2: Charge
8. SAT1: IDLE, SAT2: Measure
9. SAT1: Charge, SAT2: IDLE
10. SAT1: Measure, SAT2: IDLE
11. SAT1: Charge, SAT2: IDLE
12. SAT1: IDLE, SAT2: Downlink
13. SAT1: Downlink, SAT2: IDLE
14. SAT1: IDLE, SAT2: IDLE
15. SAT1: IDLE, SAT2: Charge
16. SAT1: Charge, SAT2: Charge
17. SAT1: IDLE, SAT2: IDLE
18. SAT1: Downlink, SAT2: IDLE
19. SAT1: IDLE, SAT2: IDLE
20. SAT1: IDLE, SAT2: Measure
21. SAT1: IDLE, SAT2: IDLE
22. SAT1: Charge, SAT2: IDLE
23. SAT1: Downlink, SAT2: Charge
24. SAT1: IDLE, SAT2: IDLE
25. SAT1: IDLE, SAT2: IDLE
26. SAT1: Charge, SAT2: IDLE
27. SAT1: Measure, SAT2: IDLE
28. SAT1: Charge, SAT2: IDLE
29. SAT1: IDLE, SAT2: Measure
30. SAT1: Downlink, SAT2: Downlink
Overall time: 0.016973
Overall cost: 14
# Steps: 1123
# Expansions: 8947
